<?xml version="1.0" encoding="UTF-8"?>
<coverage generated="1704879906714" clover="3.2.0">
  <project timestamp="1704879906714" name="All files">
    <metrics statements="82" coveredstatements="43" conditionals="54" coveredconditionals="16" methods="16" coveredmethods="8" elements="152" coveredelements="67" complexity="0" loc="82" ncloc="82" packages="2" files="5" classes="5"/>
    <package name="formatters">
      <metrics statements="44" coveredstatements="8" conditionals="33" coveredconditionals="1" methods="9" coveredmethods="1"/>
      <file name="index.js" path="/Users/mac/vs_code/hexlet-git/frontend-project-46/formatters/index.js">
        <metrics statements="6" coveredstatements="3" conditionals="4" coveredconditionals="1" methods="1" coveredmethods="1"/>
        <line num="4" count="1" type="stmt"/>
        <line num="5" count="1" type="cond" truecount="1" falsecount="3"/>
        <line num="7" count="0" type="stmt"/>
        <line num="9" count="0" type="stmt"/>
        <line num="11" count="1" type="stmt"/>
        <line num="13" count="0" type="stmt"/>
      </file>
      <file name="plain.js" path="/Users/mac/vs_code/hexlet-git/frontend-project-46/formatters/plain.js">
        <metrics statements="16" coveredstatements="2" conditionals="15" coveredconditionals="0" methods="3" coveredmethods="0"/>
        <line num="1" count="1" type="stmt"/>
        <line num="2" count="0" type="cond" truecount="0" falsecount="2"/>
        <line num="3" count="0" type="cond" truecount="0" falsecount="2"/>
        <line num="4" count="0" type="cond" truecount="0" falsecount="2"/>
        <line num="5" count="0" type="stmt"/>
        <line num="8" count="1" type="cond" truecount="0" falsecount="1"/>
        <line num="9" count="0" type="stmt"/>
        <line num="18" count="0" type="cond" truecount="0" falsecount="2"/>
        <line num="20" count="0" type="cond" truecount="0" falsecount="6"/>
        <line num="22" count="0" type="stmt"/>
        <line num="24" count="0" type="stmt"/>
        <line num="28" count="0" type="stmt"/>
        <line num="30" count="0" type="stmt"/>
        <line num="34" count="0" type="stmt"/>
        <line num="36" count="0" type="stmt"/>
        <line num="41" count="0" type="stmt"/>
      </file>
      <file name="stylish.js" path="/Users/mac/vs_code/hexlet-git/frontend-project-46/formatters/stylish.js">
        <metrics statements="22" coveredstatements="3" conditionals="14" coveredconditionals="0" methods="5" coveredmethods="0"/>
        <line num="3" count="1" type="cond" truecount="0" falsecount="1"/>
        <line num="5" count="1" type="stmt"/>
        <line num="6" count="0" type="cond" truecount="0" falsecount="4"/>
        <line num="7" count="0" type="stmt"/>
        <line num="8" count="0" type="stmt"/>
        <line num="9" count="0" type="stmt"/>
        <line num="10" count="0" type="cond" truecount="0" falsecount="2"/>
        <line num="12" count="0" type="stmt"/>
        <line num="14" count="0" type="stmt"/>
        <line num="17" count="1" type="cond" truecount="0" falsecount="1"/>
        <line num="18" count="0" type="stmt"/>
        <line num="27" count="0" type="stmt"/>
        <line num="29" count="0" type="cond" truecount="0" falsecount="6"/>
        <line num="31" count="0" type="stmt"/>
        <line num="33" count="0" type="stmt"/>
        <line num="35" count="0" type="stmt"/>
        <line num="37" count="0" type="stmt"/>
        <line num="42" count="0" type="stmt"/>
        <line num="44" count="0" type="stmt"/>
        <line num="48" count="0" type="stmt"/>
        <line num="49" count="0" type="stmt"/>
        <line num="50" count="0" type="stmt"/>
      </file>
    </package>
    <package name="src">
      <metrics statements="38" coveredstatements="35" conditionals="21" coveredconditionals="15" methods="7" coveredmethods="7"/>
      <file name="index.js" path="/Users/mac/vs_code/hexlet-git/frontend-project-46/src/index.js">
        <metrics statements="33" coveredstatements="32" conditionals="17" coveredconditionals="14" methods="6" coveredmethods="6"/>
        <line num="7" count="1" type="stmt"/>
        <line num="8" count="2" type="cond" truecount="1" falsecount="1"/>
        <line num="9" count="0" type="stmt"/>
        <line num="11" count="2" type="stmt"/>
        <line num="14" count="1" type="stmt"/>
        <line num="15" count="5" type="stmt"/>
        <line num="17" count="5" type="stmt"/>
        <line num="19" count="5" type="stmt"/>
        <line num="20" count="18" type="stmt"/>
        <line num="21" count="18" type="stmt"/>
        <line num="23" count="18" type="cond" truecount="4" falsecount="0"/>
        <line num="24" count="4" type="stmt"/>
        <line num="29" count="14" type="cond" truecount="2" falsecount="0"/>
        <line num="30" count="11" type="cond" truecount="4" falsecount="0"/>
        <line num="31" count="4" type="stmt"/>
        <line num="37" count="7" type="cond" truecount="2" falsecount="0"/>
        <line num="38" count="2" type="stmt"/>
        <line num="43" count="5" type="cond" truecount="1" falsecount="1"/>
        <line num="44" count="5" type="stmt"/>
        <line num="51" count="3" type="stmt"/>
        <line num="58" count="5" type="stmt"/>
        <line num="61" count="2" type="stmt"/>
        <line num="62" count="1" type="stmt"/>
        <line num="63" count="2" type="stmt"/>
        <line num="64" count="2" type="stmt"/>
        <line num="67" count="1" type="cond" truecount="0" falsecount="1"/>
        <line num="68" count="1" type="stmt"/>
        <line num="69" count="1" type="stmt"/>
        <line num="71" count="1" type="stmt"/>
        <line num="72" count="1" type="stmt"/>
        <line num="73" count="1" type="stmt"/>
        <line num="74" count="1" type="stmt"/>
        <line num="78" count="1" type="stmt"/>
      </file>
      <file name="parser.js" path="/Users/mac/vs_code/hexlet-git/frontend-project-46/src/parser.js">
        <metrics statements="5" coveredstatements="3" conditionals="4" coveredconditionals="1" methods="1" coveredmethods="1"/>
        <line num="3" count="1" type="stmt"/>
        <line num="4" count="2" type="cond" truecount="1" falsecount="3"/>
        <line num="6" count="2" type="stmt"/>
        <line num="9" count="0" type="stmt"/>
        <line num="11" count="0" type="stmt"/>
      </file>
    </package>
  </project>
</coverage>
