{"/Users/mac/vs_code/hexlet-git/frontend-project-46/formatters/index.js": {"path":"/Users/mac/vs_code/hexlet-git/frontend-project-46/formatters/index.js","statementMap":{"0":{"start":{"line":4,"column":26},"end":{"line":15,"column":1}},"1":{"start":{"line":5,"column":2},"end":{"line":14,"column":3}},"2":{"start":{"line":7,"column":6},"end":{"line":7,"column":33}},"3":{"start":{"line":9,"column":6},"end":{"line":9,"column":31}},"4":{"start":{"line":11,"column":8},"end":{"line":11,"column":42}},"5":{"start":{"line":13,"column":6},"end":{"line":13,"column":18}}},"fnMap":{"0":{"name":"(anonymous_0)","decl":{"start":{"line":4,"column":26},"end":{"line":4,"column":27}},"loc":{"start":{"line":4,"column":50},"end":{"line":15,"column":1}},"line":4}},"branchMap":{"0":{"loc":{"start":{"line":5,"column":2},"end":{"line":14,"column":3}},"type":"switch","locations":[{"start":{"line":6,"column":4},"end":{"line":7,"column":33}},{"start":{"line":8,"column":4},"end":{"line":9,"column":31}},{"start":{"line":10,"column":6},"end":{"line":11,"column":42}},{"start":{"line":12,"column":4},"end":{"line":13,"column":18}}],"line":5}},"s":{"0":1,"1":1,"2":0,"3":0,"4":1,"5":0},"f":{"0":1},"b":{"0":[0,0,1,0]},"_coverageSchema":"1a1c01bbd47fc00a2c39e90264f33305004495a9","hash":"21d51d267cdea1291a3eaefebb51af294b463c51"}
,"/Users/mac/vs_code/hexlet-git/frontend-project-46/formatters/plain.js": {"path":"/Users/mac/vs_code/hexlet-git/frontend-project-46/formatters/plain.js","statementMap":{"0":{"start":{"line":1,"column":18},"end":{"line":6,"column":1}},"1":{"start":{"line":2,"column":2},"end":{"line":2,"column":36}},"2":{"start":{"line":2,"column":22},"end":{"line":2,"column":36}},"3":{"start":{"line":3,"column":2},"end":{"line":3,"column":58}},"4":{"start":{"line":3,"column":33},"end":{"line":3,"column":58}},"5":{"start":{"line":4,"column":2},"end":{"line":4,"column":53}},"6":{"start":{"line":4,"column":33},"end":{"line":4,"column":53}},"7":{"start":{"line":5,"column":2},"end":{"line":5,"column":20}},"8":{"start":{"line":8,"column":14},"end":{"line":42,"column":1}},"9":{"start":{"line":9,"column":16},"end":{"line":39,"column":3}},"10":{"start":{"line":18,"column":23},"end":{"line":18,"column":56}},"11":{"start":{"line":20,"column":6},"end":{"line":37,"column":7}},"12":{"start":{"line":22,"column":10},"end":{"line":22,"column":43}},"13":{"start":{"line":24,"column":10},"end":{"line":26,"column":14}},"14":{"start":{"line":28,"column":10},"end":{"line":28,"column":54}},"15":{"start":{"line":30,"column":10},"end":{"line":32,"column":40}},"16":{"start":{"line":34,"column":10},"end":{"line":34,"column":20}},"17":{"start":{"line":36,"column":10},"end":{"line":36,"column":22}},"18":{"start":{"line":41,"column":2},"end":{"line":41,"column":26}}},"fnMap":{"0":{"name":"(anonymous_0)","decl":{"start":{"line":1,"column":18},"end":{"line":1,"column":19}},"loc":{"start":{"line":1,"column":29},"end":{"line":6,"column":1}},"line":1},"1":{"name":"(anonymous_1)","decl":{"start":{"line":8,"column":14},"end":{"line":8,"column":15}},"loc":{"start":{"line":8,"column":43},"end":{"line":42,"column":1}},"line":8},"2":{"name":"(anonymous_2)","decl":{"start":{"line":10,"column":4},"end":{"line":10,"column":5}},"loc":{"start":{"line":17,"column":10},"end":{"line":38,"column":5}},"line":17}},"branchMap":{"0":{"loc":{"start":{"line":2,"column":2},"end":{"line":2,"column":36}},"type":"if","locations":[{"start":{"line":2,"column":2},"end":{"line":2,"column":36}},{"start":{},"end":{}}],"line":2},"1":{"loc":{"start":{"line":3,"column":2},"end":{"line":3,"column":58}},"type":"if","locations":[{"start":{"line":3,"column":2},"end":{"line":3,"column":58}},{"start":{},"end":{}}],"line":3},"2":{"loc":{"start":{"line":4,"column":2},"end":{"line":4,"column":53}},"type":"if","locations":[{"start":{"line":4,"column":2},"end":{"line":4,"column":53}},{"start":{},"end":{}}],"line":4},"3":{"loc":{"start":{"line":8,"column":27},"end":{"line":8,"column":38}},"type":"default-arg","locations":[{"start":{"line":8,"column":36},"end":{"line":8,"column":38}}],"line":8},"4":{"loc":{"start":{"line":18,"column":23},"end":{"line":18,"column":56}},"type":"cond-expr","locations":[{"start":{"line":18,"column":32},"end":{"line":18,"column":50}},{"start":{"line":18,"column":53},"end":{"line":18,"column":56}}],"line":18},"5":{"loc":{"start":{"line":20,"column":6},"end":{"line":37,"column":7}},"type":"switch","locations":[{"start":{"line":21,"column":8},"end":{"line":22,"column":43}},{"start":{"line":23,"column":8},"end":{"line":26,"column":14}},{"start":{"line":27,"column":8},"end":{"line":28,"column":54}},{"start":{"line":29,"column":8},"end":{"line":32,"column":40}},{"start":{"line":33,"column":8},"end":{"line":34,"column":20}},{"start":{"line":35,"column":8},"end":{"line":36,"column":22}}],"line":20}},"s":{"0":1,"1":0,"2":0,"3":0,"4":0,"5":0,"6":0,"7":0,"8":1,"9":0,"10":0,"11":0,"12":0,"13":0,"14":0,"15":0,"16":0,"17":0,"18":0},"f":{"0":0,"1":0,"2":0},"b":{"0":[0,0],"1":[0,0],"2":[0,0],"3":[0],"4":[0,0],"5":[0,0,0,0,0,0]},"_coverageSchema":"1a1c01bbd47fc00a2c39e90264f33305004495a9","hash":"9d72f5022850bd168b63768a0f7c4cd62f37d544"}
,"/Users/mac/vs_code/hexlet-git/frontend-project-46/formatters/stylish.js": {"path":"/Users/mac/vs_code/hexlet-git/frontend-project-46/formatters/stylish.js","statementMap":{"0":{"start":{"line":3,"column":24},"end":{"line":3,"column":83}},"1":{"start":{"line":3,"column":50},"end":{"line":3,"column":83}},"2":{"start":{"line":5,"column":24},"end":{"line":15,"column":1}},"3":{"start":{"line":6,"column":2},"end":{"line":13,"column":3}},"4":{"start":{"line":7,"column":23},"end":{"line":7,"column":52}},"5":{"start":{"line":8,"column":24},"end":{"line":8,"column":53}},"6":{"start":{"line":9,"column":18},"end":{"line":11,"column":5}},"7":{"start":{"line":10,"column":22},"end":{"line":10,"column":104}},"8":{"start":{"line":12,"column":4},"end":{"line":12,"column":52}},"9":{"start":{"line":14,"column":2},"end":{"line":14,"column":15}},"10":{"start":{"line":17,"column":16},"end":{"line":51,"column":1}},"11":{"start":{"line":18,"column":16},"end":{"line":47,"column":3}},"12":{"start":{"line":27,"column":25},"end":{"line":27,"column":47}},"13":{"start":{"line":29,"column":6},"end":{"line":45,"column":7}},"14":{"start":{"line":31,"column":10},"end":{"line":31,"column":74}},"15":{"start":{"line":33,"column":10},"end":{"line":33,"column":75}},"16":{"start":{"line":35,"column":10},"end":{"line":35,"column":75}},"17":{"start":{"line":37,"column":10},"end":{"line":40,"column":74}},"18":{"start":{"line":42,"column":10},"end":{"line":42,"column":75}},"19":{"start":{"line":44,"column":10},"end":{"line":44,"column":22}},"20":{"start":{"line":48,"column":22},"end":{"line":48,"column":47}},"21":{"start":{"line":49,"column":17},"end":{"line":49,"column":58}},"22":{"start":{"line":50,"column":2},"end":{"line":50,"column":16}}},"fnMap":{"0":{"name":"(anonymous_0)","decl":{"start":{"line":3,"column":24},"end":{"line":3,"column":25}},"loc":{"start":{"line":3,"column":50},"end":{"line":3,"column":83}},"line":3},"1":{"name":"(anonymous_1)","decl":{"start":{"line":5,"column":24},"end":{"line":5,"column":25}},"loc":{"start":{"line":5,"column":42},"end":{"line":15,"column":1}},"line":5},"2":{"name":"(anonymous_2)","decl":{"start":{"line":10,"column":6},"end":{"line":10,"column":7}},"loc":{"start":{"line":10,"column":22},"end":{"line":10,"column":104}},"line":10},"3":{"name":"(anonymous_3)","decl":{"start":{"line":17,"column":16},"end":{"line":17,"column":17}},"loc":{"start":{"line":17,"column":43},"end":{"line":51,"column":1}},"line":17},"4":{"name":"(anonymous_4)","decl":{"start":{"line":19,"column":4},"end":{"line":19,"column":5}},"loc":{"start":{"line":26,"column":10},"end":{"line":46,"column":5}},"line":26}},"branchMap":{"0":{"loc":{"start":{"line":3,"column":32},"end":{"line":3,"column":45}},"type":"default-arg","locations":[{"start":{"line":3,"column":44},"end":{"line":3,"column":45}}],"line":3},"1":{"loc":{"start":{"line":6,"column":2},"end":{"line":13,"column":3}},"type":"if","locations":[{"start":{"line":6,"column":2},"end":{"line":13,"column":3}},{"start":{},"end":{}}],"line":6},"2":{"loc":{"start":{"line":6,"column":6},"end":{"line":6,"column":48}},"type":"binary-expr","locations":[{"start":{"line":6,"column":6},"end":{"line":6,"column":23}},{"start":{"line":6,"column":27},"end":{"line":6,"column":48}}],"line":6},"3":{"loc":{"start":{"line":10,"column":47},"end":{"line":10,"column":102}},"type":"cond-expr","locations":[{"start":{"line":10,"column":65},"end":{"line":10,"column":96}},{"start":{"line":10,"column":99},"end":{"line":10,"column":102}}],"line":10},"4":{"loc":{"start":{"line":17,"column":29},"end":{"line":17,"column":38}},"type":"default-arg","locations":[{"start":{"line":17,"column":37},"end":{"line":17,"column":38}}],"line":17},"5":{"loc":{"start":{"line":29,"column":6},"end":{"line":45,"column":7}},"type":"switch","locations":[{"start":{"line":30,"column":8},"end":{"line":31,"column":74}},{"start":{"line":32,"column":8},"end":{"line":33,"column":75}},{"start":{"line":34,"column":8},"end":{"line":35,"column":75}},{"start":{"line":36,"column":8},"end":{"line":40,"column":74}},{"start":{"line":41,"column":8},"end":{"line":42,"column":75}},{"start":{"line":43,"column":8},"end":{"line":44,"column":22}}],"line":29}},"s":{"0":1,"1":0,"2":1,"3":0,"4":0,"5":0,"6":0,"7":0,"8":0,"9":0,"10":1,"11":0,"12":0,"13":0,"14":0,"15":0,"16":0,"17":0,"18":0,"19":0,"20":0,"21":0,"22":0},"f":{"0":0,"1":0,"2":0,"3":0,"4":0},"b":{"0":[0],"1":[0,0],"2":[0,0],"3":[0,0],"4":[0],"5":[0,0,0,0,0,0]},"_coverageSchema":"1a1c01bbd47fc00a2c39e90264f33305004495a9","hash":"e7098f2d986bc9e2334e71ccd6ad6dcd509a0d50"}
,"/Users/mac/vs_code/hexlet-git/frontend-project-46/src/index.js": {"path":"/Users/mac/vs_code/hexlet-git/frontend-project-46/src/index.js","statementMap":{"0":{"start":{"line":7,"column":24},"end":{"line":12,"column":1}},"1":{"start":{"line":8,"column":2},"end":{"line":10,"column":3}},"2":{"start":{"line":9,"column":4},"end":{"line":9,"column":20}},"3":{"start":{"line":11,"column":2},"end":{"line":11,"column":47}},"4":{"start":{"line":14,"column":21},"end":{"line":59,"column":1}},"5":{"start":{"line":15,"column":21},"end":{"line":15,"column":23}},"6":{"start":{"line":17,"column":18},"end":{"line":17,"column":73}},"7":{"start":{"line":19,"column":2},"end":{"line":57,"column":5}},"8":{"start":{"line":20,"column":19},"end":{"line":20,"column":33}},"9":{"start":{"line":21,"column":19},"end":{"line":21,"column":33}},"10":{"start":{"line":23,"column":4},"end":{"line":56,"column":5}},"11":{"start":{"line":24,"column":6},"end":{"line":28,"column":9}},"12":{"start":{"line":29,"column":11},"end":{"line":56,"column":5}},"13":{"start":{"line":30,"column":6},"end":{"line":49,"column":7}},"14":{"start":{"line":31,"column":8},"end":{"line":36,"column":11}},"15":{"start":{"line":37,"column":13},"end":{"line":49,"column":7}},"16":{"start":{"line":38,"column":8},"end":{"line":42,"column":11}},"17":{"start":{"line":43,"column":13},"end":{"line":49,"column":7}},"18":{"start":{"line":44,"column":8},"end":{"line":48,"column":11}},"19":{"start":{"line":51,"column":6},"end":{"line":55,"column":9}},"20":{"start":{"line":58,"column":2},"end":{"line":58,"column":20}},"21":{"start":{"line":61,"column":18},"end":{"line":61,"column":63}},"22":{"start":{"line":61,"column":32},"end":{"line":61,"column":63}},"23":{"start":{"line":62,"column":17},"end":{"line":65,"column":1}},"24":{"start":{"line":63,"column":23},"end":{"line":63,"column":48}},"25":{"start":{"line":64,"column":2},"end":{"line":64,"column":44}},"26":{"start":{"line":67,"column":16},"end":{"line":79,"column":1}},"27":{"start":{"line":68,"column":22},"end":{"line":68,"column":41}},"28":{"start":{"line":69,"column":22},"end":{"line":69,"column":41}},"29":{"start":{"line":71,"column":24},"end":{"line":71,"column":68}},"30":{"start":{"line":72,"column":24},"end":{"line":72,"column":68}},"31":{"start":{"line":73,"column":21},"end":{"line":73,"column":63}},"32":{"start":{"line":74,"column":17},"end":{"line":74,"column":54}},"33":{"start":{"line":78,"column":2},"end":{"line":78,"column":16}}},"fnMap":{"0":{"name":"(anonymous_0)","decl":{"start":{"line":7,"column":24},"end":{"line":7,"column":25}},"loc":{"start":{"line":7,"column":38},"end":{"line":12,"column":1}},"line":7},"1":{"name":"(anonymous_1)","decl":{"start":{"line":14,"column":21},"end":{"line":14,"column":22}},"loc":{"start":{"line":14,"column":47},"end":{"line":59,"column":1}},"line":14},"2":{"name":"(anonymous_2)","decl":{"start":{"line":19,"column":29},"end":{"line":19,"column":30}},"loc":{"start":{"line":19,"column":38},"end":{"line":57,"column":3}},"line":19},"3":{"name":"(anonymous_3)","decl":{"start":{"line":61,"column":18},"end":{"line":61,"column":19}},"loc":{"start":{"line":61,"column":32},"end":{"line":61,"column":63}},"line":61},"4":{"name":"(anonymous_4)","decl":{"start":{"line":62,"column":17},"end":{"line":62,"column":18}},"loc":{"start":{"line":62,"column":31},"end":{"line":65,"column":1}},"line":62},"5":{"name":"(anonymous_5)","decl":{"start":{"line":67,"column":16},"end":{"line":67,"column":17}},"loc":{"start":{"line":67,"column":62},"end":{"line":79,"column":1}},"line":67}},"branchMap":{"0":{"loc":{"start":{"line":8,"column":2},"end":{"line":10,"column":3}},"type":"if","locations":[{"start":{"line":8,"column":2},"end":{"line":10,"column":3}},{"start":{},"end":{}}],"line":8},"1":{"loc":{"start":{"line":23,"column":4},"end":{"line":56,"column":5}},"type":"if","locations":[{"start":{"line":23,"column":4},"end":{"line":56,"column":5}},{"start":{"line":29,"column":11},"end":{"line":56,"column":5}}],"line":23},"2":{"loc":{"start":{"line":23,"column":8},"end":{"line":23,"column":48}},"type":"binary-expr","locations":[{"start":{"line":23,"column":8},"end":{"line":23,"column":26}},{"start":{"line":23,"column":30},"end":{"line":23,"column":48}}],"line":23},"3":{"loc":{"start":{"line":29,"column":11},"end":{"line":56,"column":5}},"type":"if","locations":[{"start":{"line":29,"column":11},"end":{"line":56,"column":5}},{"start":{"line":50,"column":11},"end":{"line":56,"column":5}}],"line":29},"4":{"loc":{"start":{"line":30,"column":6},"end":{"line":49,"column":7}},"type":"if","locations":[{"start":{"line":30,"column":6},"end":{"line":49,"column":7}},{"start":{"line":37,"column":13},"end":{"line":49,"column":7}}],"line":30},"5":{"loc":{"start":{"line":30,"column":10},"end":{"line":30,"column":46}},"type":"binary-expr","locations":[{"start":{"line":30,"column":10},"end":{"line":30,"column":26}},{"start":{"line":30,"column":30},"end":{"line":30,"column":46}}],"line":30},"6":{"loc":{"start":{"line":37,"column":13},"end":{"line":49,"column":7}},"type":"if","locations":[{"start":{"line":37,"column":13},"end":{"line":49,"column":7}},{"start":{"line":43,"column":13},"end":{"line":49,"column":7}}],"line":37},"7":{"loc":{"start":{"line":43,"column":13},"end":{"line":49,"column":7}},"type":"if","locations":[{"start":{"line":43,"column":13},"end":{"line":49,"column":7}},{"start":{},"end":{}}],"line":43},"8":{"loc":{"start":{"line":67,"column":39},"end":{"line":67,"column":57}},"type":"default-arg","locations":[{"start":{"line":67,"column":48},"end":{"line":67,"column":57}}],"line":67}},"s":{"0":1,"1":2,"2":0,"3":2,"4":1,"5":5,"6":5,"7":5,"8":18,"9":18,"10":18,"11":4,"12":14,"13":11,"14":4,"15":7,"16":2,"17":5,"18":5,"19":3,"20":5,"21":1,"22":2,"23":1,"24":2,"25":2,"26":1,"27":1,"28":1,"29":1,"30":1,"31":1,"32":1,"33":1},"f":{"0":2,"1":5,"2":18,"3":2,"4":2,"5":1},"b":{"0":[0,2],"1":[4,14],"2":[18,6],"3":[11,3],"4":[4,7],"5":[11,6],"6":[2,5],"7":[5,0],"8":[0]},"_coverageSchema":"1a1c01bbd47fc00a2c39e90264f33305004495a9","hash":"45de40f9d890cad19f66ad14180e90d8716d2453"}
,"/Users/mac/vs_code/hexlet-git/frontend-project-46/src/parser.js": {"path":"/Users/mac/vs_code/hexlet-git/frontend-project-46/src/parser.js","statementMap":{"0":{"start":{"line":3,"column":18},"end":{"line":13,"column":1}},"1":{"start":{"line":4,"column":2},"end":{"line":12,"column":3}},"2":{"start":{"line":6,"column":6},"end":{"line":6,"column":30}},"3":{"start":{"line":9,"column":6},"end":{"line":9,"column":29}},"4":{"start":{"line":11,"column":6},"end":{"line":11,"column":18}}},"fnMap":{"0":{"name":"(anonymous_0)","decl":{"start":{"line":3,"column":18},"end":{"line":3,"column":19}},"loc":{"start":{"line":3,"column":36},"end":{"line":13,"column":1}},"line":3}},"branchMap":{"0":{"loc":{"start":{"line":4,"column":2},"end":{"line":12,"column":3}},"type":"switch","locations":[{"start":{"line":5,"column":4},"end":{"line":6,"column":30}},{"start":{"line":7,"column":4},"end":{"line":7,"column":16}},{"start":{"line":8,"column":4},"end":{"line":9,"column":29}},{"start":{"line":10,"column":4},"end":{"line":11,"column":18}}],"line":4}},"s":{"0":1,"1":2,"2":2,"3":0,"4":0},"f":{"0":2},"b":{"0":[2,0,0,0]},"_coverageSchema":"1a1c01bbd47fc00a2c39e90264f33305004495a9","hash":"011c9d036a7a2a3c95200513bae948e1b87e9fec"}
}
