{"/Users/mac/vs_code/hexlet-git/frontend-project-46/__fixtures__/parser.js": {"path":"/Users/mac/vs_code/hexlet-git/frontend-project-46/__fixtures__/parser.js","statementMap":{"0":{"start":{"line":6,"column":24},"end":{"line":10,"column":1}},"1":{"start":{"line":7,"column":2},"end":{"line":9,"column":44}},"2":{"start":{"line":12,"column":24},"end":{"line":14,"column":1}},"3":{"start":{"line":13,"column":2},"end":{"line":13,"column":41}},"4":{"start":{"line":16,"column":18},"end":{"line":28,"column":1}},"5":{"start":{"line":17,"column":23},"end":{"line":17,"column":48}},"6":{"start":{"line":18,"column":17},"end":{"line":18,"column":46}},"7":{"start":{"line":19,"column":15},"end":{"line":19,"column":49}},"8":{"start":{"line":21,"column":2},"end":{"line":27,"column":3}},"9":{"start":{"line":23,"column":6},"end":{"line":23,"column":30}},"10":{"start":{"line":26,"column":6},"end":{"line":26,"column":60}},"11":{"start":{"line":29,"column":16},"end":{"line":67,"column":1}},"12":{"start":{"line":32,"column":24},"end":{"line":32,"column":50}},"13":{"start":{"line":34,"column":24},"end":{"line":34,"column":50}},"14":{"start":{"line":36,"column":18},"end":{"line":36,"column":48}},"15":{"start":{"line":37,"column":18},"end":{"line":37,"column":48}},"16":{"start":{"line":39,"column":16},"end":{"line":39,"column":36}},"17":{"start":{"line":40,"column":16},"end":{"line":40,"column":36}},"18":{"start":{"line":43,"column":23},"end":{"line":63,"column":3}},"19":{"start":{"line":44,"column":20},"end":{"line":46,"column":5}},"20":{"start":{"line":47,"column":23},"end":{"line":47,"column":39}},"21":{"start":{"line":48,"column":24},"end":{"line":48,"column":26}},"22":{"start":{"line":50,"column":4},"end":{"line":60,"column":7}},"23":{"start":{"line":51,"column":21},"end":{"line":51,"column":31}},"24":{"start":{"line":52,"column":21},"end":{"line":52,"column":31}},"25":{"start":{"line":54,"column":6},"end":{"line":59,"column":7}},"26":{"start":{"line":55,"column":8},"end":{"line":55,"column":66}},"27":{"start":{"line":55,"column":26},"end":{"line":55,"column":66}},"28":{"start":{"line":56,"column":8},"end":{"line":56,"column":66}},"29":{"start":{"line":56,"column":26},"end":{"line":56,"column":66}},"30":{"start":{"line":58,"column":8},"end":{"line":58,"column":66}},"31":{"start":{"line":58,"column":26},"end":{"line":58,"column":66}},"32":{"start":{"line":62,"column":4},"end":{"line":62,"column":34}},"33":{"start":{"line":64,"column":17},"end":{"line":64,"column":43}},"34":{"start":{"line":65,"column":2},"end":{"line":65,"column":22}},"35":{"start":{"line":66,"column":2},"end":{"line":66,"column":16}}},"fnMap":{"0":{"name":"(anonymous_0)","decl":{"start":{"line":6,"column":24},"end":{"line":6,"column":25}},"loc":{"start":{"line":6,"column":38},"end":{"line":10,"column":1}},"line":6},"1":{"name":"(anonymous_1)","decl":{"start":{"line":12,"column":24},"end":{"line":12,"column":25}},"loc":{"start":{"line":12,"column":38},"end":{"line":14,"column":1}},"line":12},"2":{"name":"(anonymous_2)","decl":{"start":{"line":16,"column":18},"end":{"line":16,"column":19}},"loc":{"start":{"line":16,"column":32},"end":{"line":28,"column":1}},"line":16},"3":{"name":"(anonymous_3)","decl":{"start":{"line":29,"column":16},"end":{"line":29,"column":17}},"loc":{"start":{"line":29,"column":51},"end":{"line":67,"column":1}},"line":29},"4":{"name":"(anonymous_4)","decl":{"start":{"line":43,"column":23},"end":{"line":43,"column":24}},"loc":{"start":{"line":43,"column":41},"end":{"line":63,"column":3}},"line":43},"5":{"name":"(anonymous_5)","decl":{"start":{"line":50,"column":23},"end":{"line":50,"column":24}},"loc":{"start":{"line":50,"column":32},"end":{"line":60,"column":5}},"line":50}},"branchMap":{"0":{"loc":{"start":{"line":7,"column":9},"end":{"line":9,"column":43}},"type":"cond-expr","locations":[{"start":{"line":8,"column":6},"end":{"line":8,"column":14}},{"start":{"line":9,"column":6},"end":{"line":9,"column":43}}],"line":7},"1":{"loc":{"start":{"line":21,"column":2},"end":{"line":27,"column":3}},"type":"switch","locations":[{"start":{"line":22,"column":4},"end":{"line":23,"column":30}},{"start":{"line":25,"column":4},"end":{"line":26,"column":60}}],"line":21},"2":{"loc":{"start":{"line":54,"column":6},"end":{"line":59,"column":7}},"type":"if","locations":[{"start":{"line":54,"column":6},"end":{"line":59,"column":7}},{"start":{"line":57,"column":13},"end":{"line":59,"column":7}}],"line":54},"3":{"loc":{"start":{"line":55,"column":8},"end":{"line":55,"column":66}},"type":"if","locations":[{"start":{"line":55,"column":8},"end":{"line":55,"column":66}},{"start":{},"end":{}}],"line":55},"4":{"loc":{"start":{"line":56,"column":8},"end":{"line":56,"column":66}},"type":"if","locations":[{"start":{"line":56,"column":8},"end":{"line":56,"column":66}},{"start":{},"end":{}}],"line":56},"5":{"loc":{"start":{"line":58,"column":8},"end":{"line":58,"column":66}},"type":"if","locations":[{"start":{"line":58,"column":8},"end":{"line":58,"column":66}},{"start":{},"end":{}}],"line":58}},"s":{"0":1,"1":4,"2":1,"3":4,"4":1,"5":2,"6":2,"7":2,"8":2,"9":2,"10":0,"11":1,"12":1,"13":1,"14":1,"15":1,"16":1,"17":1,"18":1,"19":1,"20":1,"21":1,"22":1,"23":5,"24":5,"25":5,"26":4,"27":3,"28":4,"29":2,"30":1,"31":1,"32":1,"33":1,"34":1,"35":1},"f":{"0":4,"1":4,"2":2,"3":1,"4":1,"5":5},"b":{"0":[0,4],"1":[2,0],"2":[4,1],"3":[3,1],"4":[2,2],"5":[1,0]},"_coverageSchema":"1a1c01bbd47fc00a2c39e90264f33305004495a9","hash":"8f20a90a60ff16afac859e519140358769cd3d0c"}
}
