TN:
SF:formatters/index.js
FN:4,(anonymous_0)
FNF:1
FNH:1
FNDA:1,(anonymous_0)
DA:4,1
DA:5,1
DA:7,0
DA:9,0
DA:11,1
DA:13,0
LF:6
LH:3
BRDA:5,0,0,0
BRDA:5,0,1,0
BRDA:5,0,2,1
BRDA:5,0,3,0
BRF:4
BRH:1
end_of_record
TN:
SF:formatters/plain.js
FN:1,(anonymous_0)
FN:8,(anonymous_1)
FN:10,(anonymous_2)
FNF:3
FNH:0
FNDA:0,(anonymous_0)
FNDA:0,(anonymous_1)
FNDA:0,(anonymous_2)
DA:1,1
DA:2,0
DA:3,0
DA:4,0
DA:5,0
DA:8,1
DA:9,0
DA:18,0
DA:20,0
DA:22,0
DA:24,0
DA:28,0
DA:30,0
DA:34,0
DA:36,0
DA:41,0
LF:16
LH:2
BRDA:2,0,0,0
BRDA:2,0,1,0
BRDA:3,1,0,0
BRDA:3,1,1,0
BRDA:4,2,0,0
BRDA:4,2,1,0
BRDA:8,3,0,0
BRDA:18,4,0,0
BRDA:18,4,1,0
BRDA:20,5,0,0
BRDA:20,5,1,0
BRDA:20,5,2,0
BRDA:20,5,3,0
BRDA:20,5,4,0
BRDA:20,5,5,0
BRF:15
BRH:0
end_of_record
TN:
SF:formatters/stylish.js
FN:3,(anonymous_0)
FN:5,(anonymous_1)
FN:10,(anonymous_2)
FN:17,(anonymous_3)
FN:19,(anonymous_4)
FNF:5
FNH:0
FNDA:0,(anonymous_0)
FNDA:0,(anonymous_1)
FNDA:0,(anonymous_2)
FNDA:0,(anonymous_3)
FNDA:0,(anonymous_4)
DA:3,1
DA:5,1
DA:6,0
DA:7,0
DA:8,0
DA:9,0
DA:10,0
DA:12,0
DA:14,0
DA:17,1
DA:18,0
DA:27,0
DA:29,0
DA:31,0
DA:33,0
DA:35,0
DA:37,0
DA:42,0
DA:44,0
DA:48,0
DA:49,0
DA:50,0
LF:22
LH:3
BRDA:3,0,0,0
BRDA:6,1,0,0
BRDA:6,1,1,0
BRDA:6,2,0,0
BRDA:6,2,1,0
BRDA:10,3,0,0
BRDA:10,3,1,0
BRDA:17,4,0,0
BRDA:29,5,0,0
BRDA:29,5,1,0
BRDA:29,5,2,0
BRDA:29,5,3,0
BRDA:29,5,4,0
BRDA:29,5,5,0
BRF:14
BRH:0
end_of_record
TN:
SF:src/index.js
FN:7,(anonymous_0)
FN:14,(anonymous_1)
FN:19,(anonymous_2)
FN:61,(anonymous_3)
FN:62,(anonymous_4)
FN:67,(anonymous_5)
FNF:6
FNH:6
FNDA:2,(anonymous_0)
FNDA:5,(anonymous_1)
FNDA:18,(anonymous_2)
FNDA:2,(anonymous_3)
FNDA:2,(anonymous_4)
FNDA:1,(anonymous_5)
DA:7,1
DA:8,2
DA:9,0
DA:11,2
DA:14,1
DA:15,5
DA:17,5
DA:19,5
DA:20,18
DA:21,18
DA:23,18
DA:24,4
DA:29,14
DA:30,11
DA:31,4
DA:37,7
DA:38,2
DA:43,5
DA:44,5
DA:51,3
DA:58,5
DA:61,2
DA:62,1
DA:63,2
DA:64,2
DA:67,1
DA:68,1
DA:69,1
DA:71,1
DA:72,1
DA:73,1
DA:74,1
DA:78,1
LF:33
LH:32
BRDA:8,0,0,0
BRDA:8,0,1,2
BRDA:23,1,0,4
BRDA:23,1,1,14
BRDA:23,2,0,18
BRDA:23,2,1,6
BRDA:29,3,0,11
BRDA:29,3,1,3
BRDA:30,4,0,4
BRDA:30,4,1,7
BRDA:30,5,0,11
BRDA:30,5,1,6
BRDA:37,6,0,2
BRDA:37,6,1,5
BRDA:43,7,0,5
BRDA:43,7,1,0
BRDA:67,8,0,0
BRF:17
BRH:14
end_of_record
TN:
SF:src/parser.js
FN:3,(anonymous_0)
FNF:1
FNH:1
FNDA:2,(anonymous_0)
DA:3,1
DA:4,2
DA:6,2
DA:9,0
DA:11,0
LF:5
LH:3
BRDA:4,0,0,2
BRDA:4,0,1,0
BRDA:4,0,2,0
BRDA:4,0,3,0
BRF:4
BRH:1
end_of_record
