TN:
SF:__fixtures__/parser.js
FN:6,(anonymous_0)
FN:12,(anonymous_1)
FN:16,(anonymous_2)
FN:29,(anonymous_3)
FN:43,(anonymous_4)
FN:50,(anonymous_5)
FNF:6
FNH:6
FNDA:4,(anonymous_0)
FNDA:4,(anonymous_1)
FNDA:2,(anonymous_2)
FNDA:1,(anonymous_3)
FNDA:1,(anonymous_4)
FNDA:5,(anonymous_5)
DA:6,1
DA:7,4
DA:12,1
DA:13,4
DA:16,1
DA:17,2
DA:18,2
DA:19,2
DA:21,2
DA:23,2
DA:26,0
DA:29,1
DA:32,1
DA:34,1
DA:36,1
DA:37,1
DA:39,1
DA:40,1
DA:43,1
DA:44,1
DA:47,1
DA:48,1
DA:50,1
DA:51,5
DA:52,5
DA:54,5
DA:55,4
DA:56,4
DA:58,1
DA:62,1
DA:64,1
DA:65,1
DA:66,1
LF:33
LH:32
BRDA:7,0,0,0
BRDA:7,0,1,4
BRDA:21,1,0,2
BRDA:21,1,1,0
BRDA:54,2,0,4
BRDA:54,2,1,1
BRDA:55,3,0,3
BRDA:55,3,1,1
BRDA:56,4,0,2
BRDA:56,4,1,2
BRDA:58,5,0,1
BRDA:58,5,1,0
BRF:12
BRH:9
end_of_record
